# JRE version: OpenJDK Runtime Environment Temurin-21.0.11+10 (21.0.11+10) (build 21.0.11+10-LTS)
# Java VM: OpenJDK 64-Bit Server VM Temurin-21.0.11+10 (21.0.11+10-LTS, mixed mode, sharing, tiered, compressed oops, compressed class ptrs, parallel gc, windows-amd64)
GC Precious Log:
 CardTable entry size: 512
 CPUs: 12 total, 12 available
 Memory: 7501M
 Large Page Support: Disabled
 NUMA Support: Disabled
 Compressed Oops: Enabled (32-bit)
 Alignments: Space 512K, Generation 512K, Heap 2M
 Heap Min Capacity: 100M
 Heap Initial Capacity: 100M
 Heap Max Capacity: 2G
 Pre-touch: Disabled
 Parallel Workers: 10
Heap:
 PSYoungGen      total 22528K, used 3063K [0x00000000d5580000, 0x00000000d6f80000, 0x0000000100000000)
  eden space 21504K, 10% used [0x00000000d5580000,0x00000000d57b1008,0x00000000d6a80000)
  from space 1024K, 80% used [0x00000000d6a80000,0x00000000d6b4cef8,0x00000000d6b80000)
  to   space 2048K, 0% used [0x00000000d6d80000,0x00000000d6d80000,0x00000000d6f80000)
 ParOldGen       total 68608K, used 49141K [0x0000000080000000, 0x0000000084300000, 0x00000000d5580000)
  object space 68608K, 71% used [0x0000000080000000,0x0000000082ffd5f8,0x0000000084300000)
 Metaspace       used 65553K, committed 66944K, reserved 1114112K
  class space    used 7075K, committed 7680K, reserved 1048576K
GC Heap History (20 events):
Event: 58.460 GC heap before
{Heap before GC invocations=27 (full 2):
 PSYoungGen      total 25088K, used 25056K [0x00000000d5580000, 0x00000000d7200000, 0x0000000100000000)
  eden space 21504K, 100% used [0x00000000d5580000,0x00000000d6a80000,0x00000000d6a80000)
  from space 3584K, 99% used [0x00000000d6e80000,0x00000000d71f8010,0x00000000d7200000)
  to   space 3584K, 0% used [0x00000000d6a80000,0x00000000d6a80000,0x00000000d6e00000)
 ParOldGen       total 68608K, used 36382K [0x0000000080000000, 0x0000000084300000, 0x00000000d5580000)
  object space 68608K, 53% used [0x0000000080000000,0x0000000082387b18,0x0000000084300000)
 Metaspace       used 55182K, committed 56320K, reserved 1114112K
  class space    used 6034K, committed 6528K, reserved 1048576K
}
Event: 58.467 GC heap after
{Heap after GC invocations=27 (full 2):
 PSYoungGen      total 25088K, used 3552K [0x00000000d5580000, 0x00000000d7180000, 0x0000000100000000)
  eden space 21504K, 0% used [0x00000000d5580000,0x00000000d5580000,0x00000000d6a80000)
  from space 3584K, 99% used [0x00000000d6a80000,0x00000000d6df82f8,0x00000000d6e00000)
  to   space 3584K, 0% used [0x00000000d6e00000,0x00000000d6e00000,0x00000000d7180000)
 ParOldGen       total 68608K, used 39827K [0x0000000080000000, 0x0000000084300000, 0x00000000d5580000)
  object space 68608K, 58% used [0x0000000080000000,0x00000000826e4da0,0x0000000084300000)
 Metaspace       used 55182K, committed 56320K, reserved 1114112K
  class space    used 6034K, committed 6528K, reserved 1048576K
}
Event: 59.629 GC heap before
{Heap before GC invocations=28 (full 2):
 PSYoungGen      total 25088K, used 25056K [0x00000000d5580000, 0x00000000d7180000, 0x0000000100000000)
  eden space 21504K, 100% used [0x00000000d5580000,0x00000000d6a80000,0x00000000d6a80000)
  from space 3584K, 99% used [0x00000000d6a80000,0x00000000d6df82f8,0x00000000d6e00000)
  to   space 3584K, 0% used [0x00000000d6e00000,0x00000000d6e00000,0x00000000d7180000)
 ParOldGen       total 68608K, used 39827K [0x0000000080000000, 0x0000000084300000, 0x00000000d5580000)
  object space 68608K, 58% used [0x0000000080000000,0x00000000826e4da0,0x0000000084300000)
 Metaspace       used 56071K, committed 57280K, reserved 1114112K
  class space    used 6149K, committed 6656K, reserved 1048576K
}
Event: 59.635 GC heap after
{Heap after GC invocations=28 (full 2):
 PSYoungGen      total 22016K, used 480K [0x00000000d5580000, 0x00000000d6e80000, 0x0000000100000000)
  eden space 21504K, 0% used [0x00000000d5580000,0x00000000d5580000,0x00000000d6a80000)
  from space 512K, 93% used [0x00000000d6e00000,0x00000000d6e78000,0x00000000d6e80000)
  to   space 2048K, 0% used [0x00000000d6a80000,0x00000000d6a80000,0x00000000d6c80000)
 ParOldGen       total 68608K, used 43208K [0x0000000080000000, 0x0000000084300000, 0x00000000d5580000)
  object space 68608K, 62% used [0x0000000080000000,0x0000000082a320f0,0x0000000084300000)
 Metaspace       used 56071K, committed 57280K, reserved 1114112K
  class space    used 6149K, committed 6656K, reserved 1048576K
}
Event: 60.278 GC heap before
{Heap before GC invocations=29 (full 2):
 PSYoungGen      total 22016K, used 21984K [0x00000000d5580000, 0x00000000d6e80000, 0x0000000100000000)
  eden space 21504K, 100% used [0x00000000d5580000,0x00000000d6a80000,0x00000000d6a80000)
  from space 512K, 93% used [0x00000000d6e00000,0x00000000d6e78000,0x00000000d6e80000)
  to   space 2048K, 0% used [0x00000000d6a80000,0x00000000d6a80000,0x00000000d6c80000)
 ParOldGen       total 68608K, used 43208K [0x0000000080000000, 0x0000000084300000, 0x00000000d5580000)
  object space 68608K, 62% used [0x0000000080000000,0x0000000082a320f0,0x0000000084300000)
 Metaspace       used 56923K, committed 58048K, reserved 1114112K
  class space    used 6226K, committed 6720K, reserved 1048576K
}
Event: 60.282 GC heap after
{Heap after GC invocations=29 (full 2):
 PSYoungGen      total 23552K, used 1875K [0x00000000d5580000, 0x00000000d6f80000, 0x0000000100000000)
  eden space 21504K, 0% used [0x00000000d5580000,0x00000000d5580000,0x00000000d6a80000)
  from space 2048K, 91% used [0x00000000d6a80000,0x00000000d6c54dc8,0x00000000d6c80000)
  to   space 2560K, 0% used [0x00000000d6d00000,0x00000000d6d00000,0x00000000d6f80000)
 ParOldGen       total 68608K, used 43464K [0x0000000080000000, 0x0000000084300000, 0x00000000d5580000)
  object space 68608K, 63% used [0x0000000080000000,0x0000000082a720f0,0x0000000084300000)
 Metaspace       used 56923K, committed 58048K, reserved 1114112K
  class space    used 6226K, committed 6720K, reserved 1048576K
}
Event: 60.419 GC heap before
{Heap before GC invocations=30 (full 2):
 PSYoungGen      total 23552K, used 23247K [0x00000000d5580000, 0x00000000d6f80000, 0x0000000100000000)
  eden space 21504K, 99% used [0x00000000d5580000,0x00000000d6a5f008,0x00000000d6a80000)
  from space 2048K, 91% used [0x00000000d6a80000,0x00000000d6c54dc8,0x00000000d6c80000)
  to   space 2560K, 0% used [0x00000000d6d00000,0x00000000d6d00000,0x00000000d6f80000)
 ParOldGen       total 68608K, used 43464K [0x0000000080000000, 0x0000000084300000, 0x00000000d5580000)
  object space 68608K, 63% used [0x0000000080000000,0x0000000082a720f0,0x0000000084300000)
 Metaspace       used 56940K, committed 58112K, reserved 1114112K
  class space    used 6226K, committed 6720K, reserved 1048576K
}
Event: 60.421 GC heap after
{Heap after GC invocations=30 (full 2):
 PSYoungGen      total 23040K, used 1274K [0x00000000d5580000, 0x00000000d6e80000, 0x0000000100000000)
  eden space 21504K, 0% used [0x00000000d5580000,0x00000000d5580000,0x00000000d6a80000)
  from space 1536K, 82% used [0x00000000d6d00000,0x00000000d6e3eb80,0x00000000d6e80000)
  to   space 1536K, 0% used [0x00000000d6b80000,0x00000000d6b80000,0x00000000d6d00000)
 ParOldGen       total 68608K, used 44220K [0x0000000080000000, 0x0000000084300000, 0x00000000d5580000)
  object space 68608K, 64% used [0x0000000080000000,0x0000000082b2f268,0x0000000084300000)
 Metaspace       used 56940K, committed 58112K, reserved 1114112K
  class space    used 6226K, committed 6720K, reserved 1048576K
}
Event: 61.325 GC heap before
{Heap before GC invocations=31 (full 2):
 PSYoungGen      total 23040K, used 11752K [0x00000000d5580000, 0x00000000d6e80000, 0x0000000100000000)
  eden space 21504K, 48% used [0x00000000d5580000,0x00000000d5fbb600,0x00000000d6a80000)
  from space 1536K, 82% used [0x00000000d6d00000,0x00000000d6e3eb80,0x00000000d6e80000)
  to   space 1536K, 0% used [0x00000000d6b80000,0x00000000d6b80000,0x00000000d6d00000)
 ParOldGen       total 68608K, used 44220K [0x0000000080000000, 0x0000000084300000, 0x00000000d5580000)
  object space 68608K, 64% used [0x0000000080000000,0x0000000082b2f268,0x0000000084300000)
 Metaspace       used 58663K, committed 59776K, reserved 1114112K
  class space    used 6343K, committed 6848K, reserved 1048576K
}
Event: 61.327 GC heap after
{Heap after GC invocations=31 (full 2):
 PSYoungGen      total 22016K, used 352K [0x00000000d5580000, 0x00000000d6d80000, 0x0000000100000000)
  eden space 21504K, 0% used [0x00000000d5580000,0x00000000d5580000,0x00000000d6a80000)
  from space 512K, 68% used [0x00000000d6b80000,0x00000000d6bd8000,0x00000000d6c00000)
  to   space 1024K, 0% used [0x00000000d6c80000,0x00000000d6c80000,0x00000000d6d80000)
 ParOldGen       total 68608K, used 44252K [0x0000000080000000, 0x0000000084300000, 0x00000000d5580000)
  object space 68608K, 64% used [0x0000000080000000,0x0000000082b37268,0x0000000084300000)
 Metaspace       used 58663K, committed 59776K, reserved 1114112K
  class space    used 6343K, committed 6848K, reserved 1048576K
}
Event: 61.327 GC heap before
{Heap before GC invocations=32 (full 3):
 PSYoungGen      total 22016K, used 352K [0x00000000d5580000, 0x00000000d6d80000, 0x0000000100000000)
  eden space 21504K, 0% used [0x00000000d5580000,0x00000000d5580000,0x00000000d6a80000)
  from space 512K, 68% used [0x00000000d6b80000,0x00000000d6bd8000,0x00000000d6c00000)
  to   space 1024K, 0% used [0x00000000d6c80000,0x00000000d6c80000,0x00000000d6d80000)
 ParOldGen       total 68608K, used 44252K [0x0000000080000000, 0x0000000084300000, 0x00000000d5580000)
  object space 68608K, 64% used [0x0000000080000000,0x0000000082b37268,0x0000000084300000)
 Metaspace       used 58663K, committed 59776K, reserved 1114112K
  class space    used 6343K, committed 6848K, reserved 1048576K
}
Event: 61.457 GC heap after
{Heap after GC invocations=32 (full 3):
 PSYoungGen      total 22016K, used 0K [0x00000000d5580000, 0x00000000d6d80000, 0x0000000100000000)
  eden space 21504K, 0% used [0x00000000d5580000,0x00000000d5580000,0x00000000d6a80000)
  from space 512K, 0% used [0x00000000d6b80000,0x00000000d6b80000,0x00000000d6c00000)
  to   space 1024K, 0% used [0x00000000d6c80000,0x00000000d6c80000,0x00000000d6d80000)
 ParOldGen       total 68608K, used 42009K [0x0000000080000000, 0x0000000084300000, 0x00000000d5580000)
  object space 68608K, 61% used [0x0000000080000000,0x0000000082906400,0x0000000084300000)
 Metaspace       used 58663K, committed 59776K, reserved 1114112K
  class space    used 6343K, committed 6848K, reserved 1048576K
}
Event: 62.490 GC heap before
{Heap before GC invocations=33 (full 3):
 PSYoungGen      total 22016K, used 21499K [0x00000000d5580000, 0x00000000d6d80000, 0x0000000100000000)
  eden space 21504K, 99% used [0x00000000d5580000,0x00000000d6a7efb8,0x00000000d6a80000)
  from space 512K, 0% used [0x00000000d6b80000,0x00000000d6b80000,0x00000000d6c00000)
  to   space 1024K, 0% used [0x00000000d6c80000,0x00000000d6c80000,0x00000000d6d80000)
 ParOldGen       total 68608K, used 42009K [0x0000000080000000, 0x0000000084300000, 0x00000000d5580000)
  object space 68608K, 61% used [0x0000000080000000,0x0000000082906400,0x0000000084300000)
 Metaspace       used 61000K, committed 62272K, reserved 1114112K
  class space    used 6618K, committed 7168K, reserved 1048576K
}
Event: 62.493 GC heap after
{Heap after GC invocations=33 (full 3):
 PSYoungGen      total 22528K, used 792K [0x00000000d5580000, 0x00000000d6d80000, 0x0000000100000000)
  eden space 21504K, 0% used [0x00000000d5580000,0x00000000d5580000,0x00000000d6a80000)
  from space 1024K, 77% used [0x00000000d6c80000,0x00000000d6d461f8,0x00000000d6d80000)
  to   space 1024K, 0% used [0x00000000d6b80000,0x00000000d6b80000,0x00000000d6c80000)
 ParOldGen       total 68608K, used 42017K [0x0000000080000000, 0x0000000084300000, 0x00000000d5580000)
  object space 68608K, 61% used [0x0000000080000000,0x0000000082908400,0x0000000084300000)
 Metaspace       used 61000K, committed 62272K, reserved 1114112K
  class space    used 6618K, committed 7168K, reserved 1048576K
}
Event: 63.392 GC heap before
{Heap before GC invocations=34 (full 3):
 PSYoungGen      total 22528K, used 21110K [0x00000000d5580000, 0x00000000d6d80000, 0x0000000100000000)
  eden space 21504K, 94% used [0x00000000d5580000,0x00000000d6957880,0x00000000d6a80000)
  from space 1024K, 77% used [0x00000000d6c80000,0x00000000d6d461f8,0x00000000d6d80000)
  to   space 1024K, 0% used [0x00000000d6b80000,0x00000000d6b80000,0x00000000d6c80000)
 ParOldGen       total 68608K, used 42017K [0x0000000080000000, 0x0000000084300000, 0x00000000d5580000)
  object space 68608K, 61% used [0x0000000080000000,0x0000000082908400,0x0000000084300000)
 Metaspace       used 63357K, committed 64704K, reserved 1114112K
  class space    used 6872K, committed 7488K, reserved 1048576K
}
Event: 63.396 GC heap after
{Heap after GC invocations=34 (full 3):
 PSYoungGen      total 22528K, used 1011K [0x00000000d5580000, 0x00000000d7380000, 0x0000000100000000)
  eden space 21504K, 0% used [0x00000000d5580000,0x00000000d5580000,0x00000000d6a80000)
  from space 1024K, 98% used [0x00000000d6b80000,0x00000000d6c7cfb8,0x00000000d6c80000)
  to   space 4608K, 0% used [0x00000000d6f00000,0x00000000d6f00000,0x00000000d7380000)
 ParOldGen       total 68608K, used 44998K [0x0000000080000000, 0x0000000084300000, 0x00000000d5580000)
  object space 68608K, 65% used [0x0000000080000000,0x0000000082bf1ad8,0x0000000084300000)
 Metaspace       used 63357K, committed 64704K, reserved 1114112K
  class space    used 6872K, committed 7488K, reserved 1048576K
}
Event: 64.638 GC heap before
{Heap before GC invocations=35 (full 3):
 PSYoungGen      total 22528K, used 22515K [0x00000000d5580000, 0x00000000d7380000, 0x0000000100000000)
  eden space 21504K, 100% used [0x00000000d5580000,0x00000000d6a80000,0x00000000d6a80000)
  from space 1024K, 98% used [0x00000000d6b80000,0x00000000d6c7cfb8,0x00000000d6c80000)
  to   space 4608K, 0% used [0x00000000d6f00000,0x00000000d6f00000,0x00000000d7380000)
 ParOldGen       total 68608K, used 44998K [0x0000000080000000, 0x0000000084300000, 0x00000000d5580000)
  object space 68608K, 65% used [0x0000000080000000,0x0000000082bf1ad8,0x0000000084300000)
 Metaspace       used 64324K, committed 65728K, reserved 1114112K
  class space    used 6966K, committed 7616K, reserved 1048576K
}
Event: 64.643 GC heap after
{Heap after GC invocations=35 (full 3):
 PSYoungGen      total 26112K, used 4000K [0x00000000d5580000, 0x00000000d7380000, 0x0000000100000000)
  eden space 21504K, 0% used [0x00000000d5580000,0x00000000d5580000,0x00000000d6a80000)
  from space 4608K, 86% used [0x00000000d6f00000,0x00000000d72e80a0,0x00000000d7380000)
  to   space 4608K, 0% used [0x00000000d6a80000,0x00000000d6a80000,0x00000000d6f00000)
 ParOldGen       total 68608K, used 45974K [0x0000000080000000, 0x0000000084300000, 0x00000000d5580000)
  object space 68608K, 67% used [0x0000000080000000,0x0000000082ce5840,0x0000000084300000)
 Metaspace       used 64324K, committed 65728K, reserved 1114112K
  class space    used 6966K, committed 7616K, reserved 1048576K
}
Event: 80.250 GC heap before
{Heap before GC invocations=36 (full 3):
 PSYoungGen      total 26112K, used 25504K [0x00000000d5580000, 0x00000000d7380000, 0x0000000100000000)
  eden space 21504K, 100% used [0x00000000d5580000,0x00000000d6a80000,0x00000000d6a80000)
  from space 4608K, 86% used [0x00000000d6f00000,0x00000000d72e80a0,0x00000000d7380000)
  to   space 4608K, 0% used [0x00000000d6a80000,0x00000000d6a80000,0x00000000d6f00000)
 ParOldGen       total 68608K, used 45974K [0x0000000080000000, 0x0000000084300000, 0x00000000d5580000)
  object space 68608K, 67% used [0x0000000080000000,0x0000000082ce5840,0x0000000084300000)
 Metaspace       used 65354K, committed 66752K, reserved 1114112K
  class space    used 7062K, committed 7680K, reserved 1048576K
}
Event: 80.256 GC heap after
{Heap after GC invocations=36 (full 3):
 PSYoungGen      total 22528K, used 819K [0x00000000d5580000, 0x00000000d6f80000, 0x0000000100000000)
  eden space 21504K, 0% used [0x00000000d5580000,0x00000000d5580000,0x00000000d6a80000)
  from space 1024K, 80% used [0x00000000d6a80000,0x00000000d6b4cef8,0x00000000d6b80000)
  to   space 2048K, 0% used [0x00000000d6d80000,0x00000000d6d80000,0x00000000d6f80000)
 ParOldGen       total 68608K, used 49141K [0x0000000080000000, 0x0000000084300000, 0x00000000d5580000)
  object space 68608K, 71% used [0x0000000080000000,0x0000000082ffd5f8,0x0000000084300000)
 Metaspace       used 65354K, committed 66752K, reserved 1114112K
  class space    used 7062K, committed 7680K, reserved 1048576K
}

